------------------------------------------------------------------------------------------------------------------------------------
1 - IMPRESS DECOR BRASIL LTDA                    Relatório Compras p/ Excel - Ano: 2024                                 Página:    1
-------------------------------------------------------------------------------------------------------------- 01/07/2024 - 17:12:53


Fornecedor  Dt Trans   Est   Documento        Nat Oper  Seq  Item                         Qtda      Preįo Total
---------- ---------- ----- ---------------- --------  ----- ---------------- ----------------- ---------------
       5875 09/04/2024 101   0068256          310101      20 18.402                 25.221,0000      256.950,64
       5875 09/04/2024 101   0068256          310101      10 18.402                 25.696,0000      261.789,92
       5875 03/01/2024 101   0066994          310101      10 18.402                 25.860,0000      258.689,26
       5875 03/01/2024 101   0066994          310101      20 18.402                 24.912,0000      249.206,00
       5875 03/01/2024 101   0066994          310101      30 18.402                 25.721,0000      257.298,79
       5875 29/04/2024 101   0068570          310101      20 18.402                 22.558,0000      232.488,61
       5875 15/01/2024 101   0067107          310101      10 18.402                 24.745,0000      245.050,03
       5875 15/01/2024 101   0067107          310101      20 18.402                 25.651,0000      254.022,16
       5875 23/01/2024 101   0067179          310101      10 18.402                 25.684,0000      255.911,11
       5875 23/01/2024 101   0067179          310101      20 18.402                 25.723,0000      256.299,70
       5875 29/04/2024 101   0068570          310101      10 18.402                 22.632,0000      233.251,28
       5875 16/02/2024 101   0067527          310101      10 18.402                 25.559,0000      254.328,10
       5875 16/02/2024 101   0067527          310101      20 18.402                 25.525,0000      253.989,78
       5875 19/02/2024 101   0067538          310101      10 18.402                 25.774,0000      256.994,82
       5875 19/02/2024 101   0067538          310101      20 18.402                 25.832,0000      257.573,15
       5875 23/04/2024 101   0068474          310104      20 18.402                 25.128,0000      260.368,50
       5875 06/03/2024 101   0067789          310101      10 18.402                 25.452,0000      254.480,04
       5875 06/03/2024 101   0067789          310101      20 18.402                 25.624,0000      256.199,77
       5875 23/04/2024 101   0068474          310104      10 18.402                 25.401,0000      263.197,23
       5875 09/04/2024 101   0068264          310101      10 18.402                 25.101,0000      255.728,08
       5875 09/04/2024 101   0068264          310101      20 18.402                 25.671,0000      261.535,23
       5875 25/03/2024 101   0068035          310101      10 18.402                 25.643,0000      258.059,10
       5875 25/03/2024 101   0068035          310101      20 18.402                 25.563,0000      257.254,02
       5875 25/03/2024 101   0068044          310101      10 18.402                 25.358,0000      255.190,99
       5875 25/03/2024 101   0068044          310101      20 18.402                 25.591,0000      257.535,80
       5875 21/05/2024 102   0071994          310104      10 18.403                 23.348,0000      240.973,63
       5875 21/05/2024 102   0071994          310104      20 18.403                 25.052,0000      258.560,54
       5875 05/03/2024 102   0070320          310101      20 18.403                 24.984,0000      249.800,78
       5875 05/03/2024 102   0070320          310101      10 18.403                 25.055,0000      250.510,66
       5875 01/03/2024 102   0070288          310101      20 18.403                 24.955,0000      250.364,88
       5875 25/03/2024 102   0070820          310101      10 18.403                 25.073,0000      252.322,89
       5875 25/03/2024 102   0070820          310101      20 18.403                 25.056,0000      252.151,81
       5875 29/04/2024 102   0071467          310104      10 18.403                 25.022,0000      257.883,23
       5875 29/04/2024 102   0071467          310104      20 18.403                 24.905,0000      256.677,41
       5875 01/03/2024 102   0070288          310101      10 18.403                 25.024,0000      251.057,13
       5875 19/02/2024 102   0070002          310101      20 18.403                 25.018,0000      249.456,68
       5875 19/02/2024 102   0070002          310101      10 18.403                 25.009,0000      249.366,94
       5875 02/01/2024 101   0066993          310101      20 18.405                 10.550,0000      105.536,42
       5875 16/02/2024 102   0069983          310101      10 18.408                 24.495,0000      243.740,63
       5875 25/03/2024 102   0070840          310101      10 18.412                 25.861,0000      284.039,51
       5875 29/05/2024 101   0069005          310104      20 18.413                 25.414,0000      249.404,10
       5875 24/06/2024 101   0069271          310104      10 18.413                 23.454,0000      238.427,50
       5875 24/06/2024 101   0069271          310104      20 18.413                 23.475,0000      238.640,98
       5875 24/06/2024 101   0069273          394910      10 18.413                 23.475,0000      238.640,98
       5875 25/03/2024 101   0068021          310101      10 18.413                 25.300,0000      239.549,89
       5875 21/05/2024 101   0068870          310101      20 18.413                 24.879,0000      241.589,39
       5875 21/05/2024 101   0068870          310101      10 18.413                 24.624,0000      239.113,20
       5875 23/04/2024 101   0068462          310101      10 18.413                 24.968,0000      243.410,54
       5875 25/03/2024 101   0068024          310101      10 18.413                 25.507,0000      241.509,84
       5875 25/03/2024 101   0068021          310101      20 18.413                 25.746,0000      243.772,78
       5875 21/02/2024 101   0067564          310101      10 18.413                 24.373,0000      228.652,86
       5875 24/06/2024 101   0069272          394910      10 18.413                 23.454,0000      238.427,50
----------------------------------------------------------------------------------------------DATASUL -  - CSCC001RP - V:1.00.00.006
------------------------------------------------------------------------------------------------------------------------------------
1 - IMPRESS DECOR BRASIL LTDA                    Relatório Compras p/ Excel - Ano: 2024                                 Página:    2
-------------------------------------------------------------------------------------------------------------- 01/07/2024 - 17:12:53


Fornecedor  Dt Trans   Est   Documento        Nat Oper  Seq  Item                         Qtda      Preįo Total
---------- ---------- ----- ---------------- --------  ----- ---------------- ----------------- ---------------
       5875 15/01/2024 101   0067096          310101      10 18.413                 25.519,0000      238.586,70
       5875 29/05/2024 101   0069005          310104      10 18.413                 25.244,0000      247.735,78
       5875 21/05/2024 102   0071998          310104      20 18.415                 24.810,0000      256.062,87
       5875 23/05/2024 102   0072035          310104      10 18.415                 24.684,0000      254.762,43
       5875 23/05/2024 102   0072035          310104      20 18.415                 24.773,0000      255.680,99
       5875 23/05/2024 102   0072035          310104      30 18.415                 24.678,0000      254.700,50
       5875 21/05/2024 102   0071998          310104      10 18.415                 24.824,0000      256.207,36
       5875 29/05/2024 101   0069003          310104      10 18.416                 15.009,0000      156.551,49
       5875 16/02/2024 101   0067526          310101      10 18.416                 25.024,0000      249.004,52
       5875 02/01/2024 101   0066993          310101      10 18.416                 14.512,0000      145.170,09
       5875 05/03/2024 102   0070319          310101      10 18.427                 24.944,0000      272.195,54
       5875 21/05/2024 102   0071997          310104      10 18.427                 24.753,0000      278.824,40








































----------------------------------------------------------------------------------------------DATASUL -  - CSCC001RP - V:1.00.00.006
